<?xml version="1.0" encoding="UTF-8"?>
<!-- Generated by org.testng.reporters.JUnitReportReporter -->
<testsuite hostname="DESKTOP-S8OHSI1" failures="0" tests="3" name="testngpackage.DataProviderClass" time="19.814" errors="0" timestamp="2023-11-02T23:10:00 EDT" skipped="0">
  <testcase classname="testngpackage.DataProviderClass" name="checking" time="6.632"/>
  <testcase classname="testngpackage.DataProviderClass" name="checking" time="8.065"/>
  <testcase classname="testngpackage.DataProviderClass" name="checking" time="5.117"/>
</testsuite> <!-- testngpackage.DataProviderClass -->
