<?xml version="1.0" encoding="UTF-8"?>
<!-- Generated by org.testng.reporters.JUnitReportReporter -->
<testsuite hostname="DESKTOP-S8OHSI1" failures="0" tests="1" name="testngaasignment.BeforeAfter" time="5.675" errors="0" timestamp="2023-11-03T00:15:26 EDT" skipped="0">
  <testcase classname="testngaasignment.BeforeAfter" name="performLogin" time="5.675"/>
</testsuite> <!-- testngaasignment.BeforeAfter -->
