<?xml version="1.0" encoding="UTF-8"?>
<!-- Generated by org.testng.reporters.JUnitReportReporter -->
<testsuite hostname="DESKTOP-S8OHSI1" failures="0" tests="3" name="testngpackage.PriorityClass" time="27.910" errors="0" timestamp="2023-11-02T16:17:07 EDT" skipped="0">
  <testcase classname="testngpackage.PriorityClass" name="openingYahooSite" time="13.783"/>
  <testcase classname="testngpackage.PriorityClass" name="openingCnbcSite" time="6.213"/>
  <testcase classname="testngpackage.PriorityClass" name="openingAmazonSite" time="7.914"/>
</testsuite> <!-- testngpackage.PriorityClass -->
