<?xml version="1.0" encoding="UTF-8"?>
<!-- Generated by org.testng.reporters.JUnitReportReporter -->
<testsuite hostname="DESKTOP-S8OHSI1" failures="0" tests="3" name="testngpackage.Openwebsite" time="29.318" errors="0" timestamp="2023-11-02T15:45:37 EDT" skipped="0">
  <testcase classname="testngpackage.Openwebsite" name="openingAmazonSite" time="11.359"/>
  <testcase classname="testngpackage.Openwebsite" name="openingYahooSite" time="11.510"/>
  <testcase classname="testngpackage.Openwebsite" name="openingCnbcSite" time="6.449"/>
</testsuite> <!-- testngpackage.Openwebsite -->
