<?xml version="1.0" encoding="UTF-8"?>
<!-- Generated by org.testng.reporters.JUnitReportReporter -->
<testsuite hostname="DESKTOP-S8OHSI1" failures="0" tests="3" name="testngaasignment.Dependson" time="96.253" errors="0" timestamp="2023-11-02T16:53:54 EDT" skipped="0">
  <testcase classname="testngaasignment.Dependson" name="openAmazonsite" time="10.027"/>
  <testcase classname="testngaasignment.Dependson" name="openyahoosite" time="7.995"/>
  <testcase classname="testngaasignment.Dependson" name="openCnnsite" time="78.231"/>
</testsuite> <!-- testngaasignment.Dependson -->
