<?xml version="1.0" encoding="UTF-8"?>
<!-- Generated by org.testng.reporters.JUnitReportReporter -->
<testsuite hostname="DESKTOP-S8OHSI1" failures="0" tests="2" name="testngaasignment.BeforeAfterDepen" time="7.336" errors="0" timestamp="2023-11-19T16:47:31 EST" skipped="0">
  <testcase classname="testngaasignment.BeforeAfterDepen" name="assertHomePage" time="2.073"/>
  <testcase classname="testngaasignment.BeforeAfterDepen" name="performLogin" time="5.263"/>
</testsuite> <!-- testngaasignment.BeforeAfterDepen -->
