<?xml version="1.0" encoding="UTF-8"?>
<!-- Generated by org.testng.reporters.JUnitReportReporter -->
<testsuite hostname="DESKTOP-S8OHSI1" failures="0" tests="2" name="testngpackage.TimeOutClass" time="2.033" errors="0" timestamp="2023-11-02T23:54:08 EDT" skipped="0">
  <testcase classname="testngpackage.TimeOutClass" name="waitFor2Seconds" time="2.008"/>
  <testcase classname="testngpackage.TimeOutClass" name="simplePrint" time="0.025"/>
</testsuite> <!-- testngpackage.TimeOutClass -->
