<?xml version="1.0" encoding="UTF-8"?>
<!-- Generated by org.testng.reporters.JUnitReportReporter -->
<testsuite hostname="DESKTOP-S8OHSI1" failures="0" tests="2" name="testngpackage.BeforeAfterTest" time="10.794" errors="0" timestamp="2023-11-04T08:07:12 EDT" skipped="0">
  <testcase classname="testngpackage.BeforeAfterTest" name="assertHomePage" time="2.066"/>
  <testcase classname="testngpackage.BeforeAfterTest" name="performLogin" time="8.728"/>
</testsuite> <!-- testngpackage.BeforeAfterTest -->
