<?xml version="1.0" encoding="UTF-8"?>
<!-- Generated by org.testng.reporters.JUnitReportReporter -->
<testsuite hostname="DESKTOP-S8OHSI1" failures="0" tests="3" name="testngaasignment.DataType" time="24.743" errors="0" timestamp="2023-11-04T07:53:04 EDT" skipped="0">
  <testcase classname="testngaasignment.DataType" name="checking" time="9.995"/>
  <testcase classname="testngaasignment.DataType" name="checking" time="7.596"/>
  <testcase classname="testngaasignment.DataType" name="checking" time="7.152"/>
</testsuite> <!-- testngaasignment.DataType -->
