<?xml version="1.0" encoding="UTF-8"?>
<!-- Generated by org.testng.reporters.JUnitReportReporter -->
<testsuite hostname="DESKTOP-S8OHSI1" failures="0" tests="3" name="testngaasignment.priority" time="57.567" errors="0" timestamp="2023-11-02T16:26:14 EDT" skipped="0">
  <testcase classname="testngaasignment.priority" name="openAmazonsite" time="10.856"/>
  <testcase classname="testngaasignment.priority" name="openyahoosite" time="11.316"/>
  <testcase classname="testngaasignment.priority" name="openCnnsite" time="35.395"/>
</testsuite> <!-- testngaasignment.priority -->
