<?xml version="1.0" encoding="UTF-8"?>
<!-- Generated by org.testng.reporters.JUnitReportReporter -->
<testsuite hostname="DESKTOP-S8OHSI1" failures="0" tests="2" name="testngaasignment.TimeOut" time="2.046" errors="0" timestamp="2023-11-02T23:55:52 EDT" skipped="0">
  <testcase classname="testngaasignment.TimeOut" name="waitFor2Seconds" time="2.019"/>
  <testcase classname="testngaasignment.TimeOut" name="simplePrint" time="0.027"/>
</testsuite> <!-- testngaasignment.TimeOut -->
