<?xml version="1.0" encoding="UTF-8"?>
<!-- Generated by org.testng.reporters.JUnitReportReporter -->
<testsuite hostname="DESKTOP-S8OHSI1" failures="0" tests="3" name="testngaasignment.DataProvider" time="23.814" errors="0" timestamp="2023-11-02T23:58:16 EDT" skipped="0">
  <testcase classname="testngaasignment.DataProvider" name="checking" time="8.923"/>
  <testcase classname="testngaasignment.DataProvider" name="checking" time="7.346"/>
  <testcase classname="testngaasignment.DataProvider" name="checking" time="7.545"/>
</testsuite> <!-- testngaasignment.DataProvider -->
