<?xml version="1.0" encoding="UTF-8"?>
<!-- Generated by org.testng.reporters.JUnitReportReporter -->
<testsuite hostname="DESKTOP-S8OHSI1" failures="0" tests="1" name="testngAssignmentonePackage.SearchCourseClass" time="14.505" errors="0" timestamp="2023-11-19T15:17:47 EST" skipped="0">
  <testcase classname="testngAssignmentonePackage.SearchCourseClass" name="login" time="14.505"/>
</testsuite> <!-- testngAssignmentonePackage.SearchCourseClass -->
