<?xml version="1.0" encoding="UTF-8"?>
<!-- Generated by org.testng.reporters.JUnitReportReporter -->
<testsuite hostname="DESKTOP-S8OHSI1" failures="0" tests="1" name="com.itlearn.testcases.LoginTest" time="4.572" errors="0" timestamp="2024-03-08T13:28:50 EST" skipped="0">
  <testcase classname="com.itlearn.testcases.LoginTest" name="verify" time="4.572"/>
</testsuite> <!-- com.itlearn.testcases.LoginTest -->
